#
# There is insufficient memory for the Java Runtime Environment to continue.
# Native memory allocation (malloc) failed to allocate 1048576 bytes for AllocateHeap
# Possible reasons:
#   The system is out of physical RAM or swap space
#   The process is running with CompressedOops enabled, and the Java Heap may be blocking the growth of the native heap
# Possible solutions:
#   Reduce memory load on the system
#   Increase physical memory or swap space
#   Check if swap backing store is full
#   Decrease Java heap size (-Xmx/-Xms)
#   Decrease number of Java threads
#   Decrease Java thread stack sizes (-Xss)
#   Set larger code cache with -XX:ReservedCodeCacheSize=
#   JVM is running with Unscaled Compressed Oops mode in which the Java heap is
#     placed in the first 4GB address space. The Java Heap base address is the
#     maximum limit for the native heap growth. Please use -XX:HeapBaseMinAddress
#     to set the Java Heap base and to place the Java Heap above 4GB virtual address.
# This output file may be truncated or incomplete.
#
#  Out of Memory Error (memory/allocation.inline.hpp:61), pid=10204, tid=0x0000000000000ce0
#
# JRE version:  (8.0_201-b09) (build )
# Java VM: Java HotSpot(TM) 64-Bit Server VM (25.201-b09 mixed mode windows-amd64 compressed oops)
# Failed to write core dump. Minidumps are not enabled by default on client versions of Windows
#

---------------  T H R E A D  ---------------

Current thread (0x0000000002aee000):  JavaThread "Unknown thread" [_thread_in_vm, id=3296, stack(0x0000000002970000,0x0000000002a70000)]

Stack: [0x0000000002970000,0x0000000002a70000]
[error occurred during error reporting (printing stack bounds), id 0xc0000005]

Native frames: (J=compiled Java code, j=interpreted, Vv=VM code, C=native code)


---------------  P R O C E S S  ---------------

Java Threads: ( => current thread )

Other Threads:

=>0x0000000002aee000 (exited) JavaThread "Unknown thread" [_thread_in_vm, id=3296, stack(0x0000000002970000,0x0000000002a70000)]

VM state:not at safepoint (normal execution)

VM Mutex/Monitor currently owned by a thread: None

heap address: 0x0000000090c00000, size: 1780 MB, Compressed Oops mode: 32-bit
Narrow klass base: 0x0000000000000000, Narrow klass shift: 3
Compressed class space size: 1073741824 Address: 0x0000000100000000

Heap:
 PSYoungGen      total 33280K, used 573K [0x00000000daf00000, 0x00000000dd400000, 0x0000000100000000)
  eden space 28672K, 2% used [0x00000000daf00000,0x00000000daf8f5d0,0x00000000dcb00000)
  from space 4608K, 0% used [0x00000000dcf80000,0x00000000dcf80000,0x00000000dd400000)
  to   space 4608K, 0% used [0x00000000dcb00000,0x00000000dcb00000,0x00000000dcf80000)
 ParOldGen       total 76800K, used 0K [0x0000000090c00000, 0x0000000095700000, 0x00000000daf00000)
  object space 76800K, 0% used [0x0000000090c00000,0x0000000090c00000,0x0000000095700000)
 Metaspace       used 775K, capacity 4480K, committed 4480K, reserved 1056768K
  class space    used 76K, capacity 384K, committed 384K, reserved 1048576K

Card table byte_map: [0x0000000011fb0000,0x0000000012330000] byte_map_base: 0x0000000011b2a000

Marking Bits: (ParMarkBitMap*) 0x000000006c7d4ce0
 Begin Bits: [0x0000000012d90000, 0x0000000014960000)
 End Bits:   [0x0000000014960000, 0x0000000016530000)

Polling page: 0x00000000028a0000

CodeCache: size=245760Kb used=327Kb max_used=327Kb free=245432Kb
 bounds [0x0000000002bf0000, 0x0000000002e60000, 0x0000000011bf0000]
 total_blobs=57 nmethods=0 adapters=38
 compilation: enabled

Compilation events (0 events):
No events

GC Heap History (0 events):
No events

Deoptimization events (0 events):
No events

Classes redefined (0 events):
No events

Internal exceptions (0 events):
No events

Events (10 events):
Event: 0.028 loading class java/lang/Short
Event: 0.028 loading class java/lang/Short done
Event: 0.028 loading class java/lang/Integer
Event: 0.028 loading class java/lang/Integer done
Event: 0.028 loading class java/lang/Long
Event: 0.028 loading class java/lang/Long done
Event: 0.029 loading class java/lang/NullPointerException
Event: 0.029 loading class java/lang/NullPointerException done
Event: 0.029 loading class java/lang/ArithmeticException
Event: 0.029 loading class java/lang/ArithmeticException done


Dynamic libraries:
0x00007ff79cc00000 - 0x00007ff79cc37000 	C:\Program Files\Java\jdk1.8.0_201\bin\java.exe
0x00007ffaf69c0000 - 0x00007ffaf6bad000 	C:\Windows\SYSTEM32\ntdll.dll
0x00007ffaf45a0000 - 0x00007ffaf4653000 	C:\Windows\System32\KERNEL32.DLL
0x00007ffaf34b0000 - 0x00007ffaf3743000 	C:\Windows\System32\KERNELBASE.dll
0x00007ffaf40b0000 - 0x00007ffaf4153000 	C:\Windows\System32\ADVAPI32.dll
0x00007ffaf46c0000 - 0x00007ffaf475e000 	C:\Windows\System32\msvcrt.dll
0x00007ffaf4190000 - 0x00007ffaf422e000 	C:\Windows\System32\sechost.dll
0x00007ffaf4470000 - 0x00007ffaf4592000 	C:\Windows\System32\RPCRT4.dll
0x00007ffaf4820000 - 0x00007ffaf49b7000 	C:\Windows\System32\USER32.dll
0x00007ffaf3930000 - 0x00007ffaf3950000 	C:\Windows\System32\win32u.dll
0x00007ffaf47d0000 - 0x00007ffaf47f9000 	C:\Windows\System32\GDI32.dll
0x00007ffaf3a50000 - 0x00007ffaf3bea000 	C:\Windows\System32\gdi32full.dll
0x00007ffaf33b0000 - 0x00007ffaf3450000 	C:\Windows\System32\msvcp_win.dll
0x00007ffaf3950000 - 0x00007ffaf3a4a000 	C:\Windows\System32\ucrtbase.dll
0x00007ffadb560000 - 0x00007ffadb7d9000 	C:\Windows\WinSxS\amd64_microsoft.windows.common-controls_6595b64144ccf1df_6.0.17763.557_none_05b63f68071e5b9f\COMCTL32.dll
0x00007ffaf3bf0000 - 0x00007ffaf3f1c000 	C:\Windows\System32\combase.dll
0x00007ffaf2a90000 - 0x00007ffaf2b0e000 	C:\Windows\System32\bcryptPrimitives.dll
0x00007ffaf4160000 - 0x00007ffaf418e000 	C:\Windows\System32\IMM32.DLL
0x000000006bed0000 - 0x000000006bfa1000 	C:\Program Files\Java\jdk1.8.0_201\jre\bin\msvcr100.dll
0x000000006bfb0000 - 0x000000006c854000 	C:\Program Files\Java\jdk1.8.0_201\jre\bin\server\jvm.dll
0x00007ffaf4810000 - 0x00007ffaf4818000 	C:\Windows\System32\PSAPI.DLL
0x00007ffaefc60000 - 0x00007ffaefc84000 	C:\Windows\SYSTEM32\WINMM.dll
0x00007ffadcc70000 - 0x00007ffadcc79000 	C:\Windows\SYSTEM32\WSOCK32.dll
0x00007ffaec9c0000 - 0x00007ffaec9ca000 	C:\Windows\SYSTEM32\VERSION.dll
0x00007ffaf4760000 - 0x00007ffaf47cd000 	C:\Windows\System32\WS2_32.dll
0x00007ffaefbd0000 - 0x00007ffaefbfd000 	C:\Windows\SYSTEM32\WINMMBASE.dll
0x00007ffaf3260000 - 0x00007ffaf32aa000 	C:\Windows\System32\cfgmgr32.dll
0x00007ffaea410000 - 0x00007ffaea41f000 	C:\Program Files\Java\jdk1.8.0_201\jre\bin\verify.dll
0x00007ffae3600000 - 0x00007ffae3629000 	C:\Program Files\Java\jdk1.8.0_201\jre\bin\java.dll
0x00007ffae35e0000 - 0x00007ffae35f6000 	C:\Program Files\Java\jdk1.8.0_201\jre\bin\zip.dll

VM Arguments:
jvm_args: -Dclassworlds.conf=C:\Program Files\NetBeans 8.2\java\maven\bin\m2.conf -Dmaven.home=C:\Program Files\NetBeans 8.2\java\maven 
java_command: org.codehaus.plexus.classworlds.launcher.Launcher -Dmaven.ext.class.path=C:\Program Files\NetBeans 8.2\java\maven-nblib\netbeans-eventspy.jar -Dfile.encoding=UTF-8 clean install
java_class_path (initial): C:\Program Files\NetBeans 8.2\java\maven\boot\plexus-classworlds-2.4.jar
Launcher Type: SUN_STANDARD

Environment Variables:
JAVA_HOME=C:\Program Files\Java\jdk1.8.0_201
PATH=C:\Program Files (x86)\Common Files\Oracle\Java\javapath;C:\Windows\system32;C:\Windows;C:\Windows\System32\Wbem;C:\Windows\System32\WindowsPowerShell\v1.0\;C:\Windows\System32\OpenSSH\;C:\Program Files\NVIDIA Corporation\NVIDIA NvDLISR;C:\Program Files (x86)\NVIDIA Corporation\PhysX\Common;C:\Users\USER\AppData\Local\Microsoft\WindowsApps;
USERNAME=USER
OS=Windows_NT
PROCESSOR_IDENTIFIER=AMD64 Family 23 Model 17 Stepping 0, AuthenticAMD



---------------  S Y S T E M  ---------------

OS: Windows 10.0 , 64 bit Build 17763 (10.0.17763.475)

CPU:total 8 (initial active 8) (8 cores per cpu, 1 threads per core) family 23 model 17 stepping 0, cmov, cx8, fxsr, mmx, sse, sse2, sse3, ssse3, sse4.1, sse4.2, popcnt, avx, avx2, aes, clmul, mmxext, 3dnowpref, lzcnt, sse4a, tsc, tscinvbit, tscinv, bmi1

Memory: 4k page, physical 7283176k(901564k free), swap 11477480k(6100k free)

vm_info: Java HotSpot(TM) 64-Bit Server VM (25.201-b09) for windows-amd64 JRE (1.8.0_201-b09), built on Dec 15 2018 18:36:39 by "java_re" with MS VC++ 10.0 (VS2010)

time: Wed Jun 19 16:21:42 2019
timezone: SE Asia Standard Time
elapsed time: 0 seconds (0d 0h 0m 0s)

