#
# There is insufficient memory for the Java Runtime Environment to continue.
# Native memory allocation (malloc) failed to allocate 1253776 bytes for Chunk::new
# Possible reasons:
#   The system is out of physical RAM or swap space
#   The process is running with CompressedOops enabled, and the Java Heap may be blocking the growth of the native heap
# Possible solutions:
#   Reduce memory load on the system
#   Increase physical memory or swap space
#   Check if swap backing store is full
#   Decrease Java heap size (-Xmx/-Xms)
#   Decrease number of Java threads
#   Decrease Java thread stack sizes (-Xss)
#   Set larger code cache with -XX:ReservedCodeCacheSize=
#   JVM is running with Unscaled Compressed Oops mode in which the Java heap is
#     placed in the first 4GB address space. The Java Heap base address is the
#     maximum limit for the native heap growth. Please use -XX:HeapBaseMinAddress
#     to set the Java Heap base and to place the Java Heap above 4GB virtual address.
# This output file may be truncated or incomplete.
#
#  Out of Memory Error (allocation.cpp:390), pid=8012, tid=0x000000000000063c
#
# JRE version: Java(TM) SE Runtime Environment (8.0_201-b09) (build 1.8.0_201-b09)
# Java VM: Java HotSpot(TM) 64-Bit Server VM (25.201-b09 mixed mode windows-amd64 compressed oops)
# Failed to write core dump. Minidumps are not enabled by default on client versions of Windows
#

---------------  T H R E A D  ---------------

Current thread (0x0000000019419800):  JavaThread "C2 CompilerThread2" daemon [_thread_in_native, id=1596, stack(0x0000000019ee0000,0x0000000019fe0000)]

Stack: [0x0000000019ee0000,0x0000000019fe0000]
[error occurred during error reporting (printing stack bounds), id 0xc0000005]

Native frames: (J=compiled Java code, j=interpreted, Vv=VM code, C=native code)


Current CompileTask:
C2:   3418 2323   !   4       org.codehaus.plexus.interpolation.StringSearchInterpolator::interpolate (665 bytes)


---------------  P R O C E S S  ---------------

Java Threads: ( => current thread )
  0x000000001cb3d800 JavaThread "resolver-4" daemon [_thread_blocked, id=3244, stack(0x000000001e350000,0x000000001e450000)]
  0x000000001c9a7800 JavaThread "resolver-3" daemon [_thread_blocked, id=10136, stack(0x000000001e250000,0x000000001e350000)]
  0x000000001ca68000 JavaThread "resolver-2" daemon [_thread_blocked, id=9040, stack(0x000000001d180000,0x000000001d280000)]
  0x000000001ba38800 JavaThread "resolver-1" daemon [_thread_blocked, id=5932, stack(0x000000001d080000,0x000000001d180000)]
  0x00000000194a9800 JavaThread "Service Thread" daemon [_thread_blocked, id=8612, stack(0x000000001a0e0000,0x000000001a1e0000)]
  0x0000000019423000 JavaThread "C1 CompilerThread3" daemon [_thread_blocked, id=3000, stack(0x0000000019fe0000,0x000000001a0e0000)]
=>0x0000000019419800 JavaThread "C2 CompilerThread2" daemon [_thread_in_native, id=1596, stack(0x0000000019ee0000,0x0000000019fe0000)]
  0x0000000019419000 JavaThread "C2 CompilerThread1" daemon [_thread_blocked, id=1392, stack(0x0000000019de0000,0x0000000019ee0000)]
  0x0000000019416000 JavaThread "C2 CompilerThread0" daemon [_thread_blocked, id=328, stack(0x0000000019ce0000,0x0000000019de0000)]
  0x0000000019412000 JavaThread "Attach Listener" daemon [_thread_blocked, id=9580, stack(0x0000000019be0000,0x0000000019ce0000)]
  0x0000000019411000 JavaThread "Signal Dispatcher" daemon [_thread_blocked, id=10236, stack(0x0000000019ae0000,0x0000000019be0000)]
  0x0000000002f4c800 JavaThread "Finalizer" daemon [_thread_blocked, id=8840, stack(0x00000000198e0000,0x00000000199e0000)]
  0x0000000019400800 JavaThread "Reference Handler" daemon [_thread_blocked, id=9072, stack(0x00000000197e0000,0x00000000198e0000)]
  0x0000000002e4e800 JavaThread "main" [_thread_in_native, id=8024, stack(0x0000000002cc0000,0x0000000002dc0000)]

Other Threads:
  0x00000000175f9800 VMThread [stack: 0x00000000192e0000,0x00000000193e0000] [id=3088]
  0x00000000194c3000 WatcherThread [stack: 0x000000001a1e0000,0x000000001a2e0000] [id=7852]

VM state:not at safepoint (normal execution)

VM Mutex/Monitor currently owned by a thread: None

heap address: 0x0000000090c00000, size: 1780 MB, Compressed Oops mode: 32-bit
Narrow klass base: 0x0000000000000000, Narrow klass shift: 3
Compressed class space size: 1073741824 Address: 0x0000000100000000

Heap:
 PSYoungGen      total 61952K, used 45909K [0x00000000daf00000, 0x00000000df000000, 0x0000000100000000)
  eden space 57344K, 72% used [0x00000000daf00000,0x00000000dd75d7a8,0x00000000de700000)
  from space 4608K, 99% used [0x00000000deb80000,0x00000000deff8020,0x00000000df000000)
  to   space 4608K, 0% used [0x00000000de700000,0x00000000de700000,0x00000000deb80000)
 ParOldGen       total 76800K, used 4240K [0x0000000090c00000, 0x0000000095700000, 0x00000000daf00000)
  object space 76800K, 5% used [0x0000000090c00000,0x0000000091024108,0x0000000095700000)
 Metaspace       used 14351K, capacity 14808K, committed 14976K, reserved 1062912K
  class space    used 1705K, capacity 1829K, committed 1920K, reserved 1048576K

Card table byte_map: [0x0000000012310000,0x0000000012690000] byte_map_base: 0x0000000011e8a000

Marking Bits: (ParMarkBitMap*) 0x00000000617b4ce0
 Begin Bits: [0x00000000130f0000, 0x0000000014cc0000)
 End Bits:   [0x0000000014cc0000, 0x0000000016890000)

Polling page: 0x0000000000fd0000

CodeCache: size=245760Kb used=8991Kb max_used=9010Kb free=236768Kb
 bounds [0x0000000002f50000, 0x0000000003830000, 0x0000000011f50000]
 total_blobs=2854 nmethods=2523 adapters=243
 compilation: enabled

Compilation events (10 events):
Event: 3.232 Thread 0x0000000019423000 2524       3       sun.nio.cs.SingleByte$Encoder::encode (114 bytes)
Event: 3.233 Thread 0x0000000019423000 nmethod 2524 0x000000000380dcd0 code [0x000000000380dea0, 0x000000000380e710]
Event: 3.234 Thread 0x0000000019416000 nmethod 2503 0x0000000003808b90 code [0x0000000003808d00, 0x0000000003809188]
Event: 3.234 Thread 0x0000000019416000 2507       4       org.apache.maven.model.io.xpp3.MavenXpp3ReaderEx::checkFieldWithDuplicate (75 bytes)
Event: 3.236 Thread 0x0000000019419000 nmethod 2487 0x0000000003823150 code [0x0000000003823520, 0x0000000003825f88]
Event: 3.236 Thread 0x0000000019419000 2498       4       org.apache.maven.model.ConfigurationContainer::setLocation (35 bytes)
Event: 3.238 Thread 0x0000000019419000 nmethod 2498 0x00000000038072d0 code [0x0000000003807420, 0x0000000003807588]
Event: 3.238 Thread 0x0000000019419000 2485       4       sun.nio.ch.FileKey::hashCode (42 bytes)
Event: 3.238 Thread 0x0000000019419000 nmethod 2485 0x0000000003807090 code [0x00000000038071c0, 0x0000000003807258]
Event: 3.239 Thread 0x0000000019416000 nmethod 2507 0x0000000003806750 code [0x00000000038068c0, 0x0000000003806ce8]

GC Heap History (8 events):
Event: 0.681 GC heap before
{Heap before GC invocations=1 (full 0):
 PSYoungGen      total 33280K, used 28672K [0x00000000daf00000, 0x00000000dd400000, 0x0000000100000000)
  eden space 28672K, 100% used [0x00000000daf00000,0x00000000dcb00000,0x00000000dcb00000)
  from space 4608K, 0% used [0x00000000dcf80000,0x00000000dcf80000,0x00000000dd400000)
  to   space 4608K, 0% used [0x00000000dcb00000,0x00000000dcb00000,0x00000000dcf80000)
 ParOldGen       total 76800K, used 0K [0x0000000090c00000, 0x0000000095700000, 0x00000000daf00000)
  object space 76800K, 0% used [0x0000000090c00000,0x0000000090c00000,0x0000000095700000)
 Metaspace       used 6997K, capacity 7196K, committed 7424K, reserved 1056768K
  class space    used 881K, capacity 952K, committed 1024K, reserved 1048576K
Event: 0.686 GC heap after
Heap after GC invocations=1 (full 0):
 PSYoungGen      total 33280K, used 3876K [0x00000000daf00000, 0x00000000dd400000, 0x0000000100000000)
  eden space 28672K, 0% used [0x00000000daf00000,0x00000000daf00000,0x00000000dcb00000)
  from space 4608K, 84% used [0x00000000dcb00000,0x00000000dcec9140,0x00000000dcf80000)
  to   space 4608K, 0% used [0x00000000dcf80000,0x00000000dcf80000,0x00000000dd400000)
 ParOldGen       total 76800K, used 16K [0x0000000090c00000, 0x0000000095700000, 0x00000000daf00000)
  object space 76800K, 0% used [0x0000000090c00000,0x0000000090c04000,0x0000000095700000)
 Metaspace       used 6997K, capacity 7196K, committed 7424K, reserved 1056768K
  class space    used 881K, capacity 952K, committed 1024K, reserved 1048576K
}
Event: 1.368 GC heap before
{Heap before GC invocations=2 (full 0):
 PSYoungGen      total 33280K, used 32548K [0x00000000daf00000, 0x00000000dd400000, 0x0000000100000000)
  eden space 28672K, 100% used [0x00000000daf00000,0x00000000dcb00000,0x00000000dcb00000)
  from space 4608K, 84% used [0x00000000dcb00000,0x00000000dcec9140,0x00000000dcf80000)
  to   space 4608K, 0% used [0x00000000dcf80000,0x00000000dcf80000,0x00000000dd400000)
 ParOldGen       total 76800K, used 16K [0x0000000090c00000, 0x0000000095700000, 0x00000000daf00000)
  object space 76800K, 0% used [0x0000000090c00000,0x0000000090c04000,0x0000000095700000)
 Metaspace       used 11116K, capacity 11362K, committed 11520K, reserved 1058816K
  class space    used 1389K, capacity 1439K, committed 1536K, reserved 1048576K
Event: 1.380 GC heap after
Heap after GC invocations=2 (full 0):
 PSYoungGen      total 33280K, used 4583K [0x00000000daf00000, 0x00000000df000000, 0x0000000100000000)
  eden space 28672K, 0% used [0x00000000daf00000,0x00000000daf00000,0x00000000dcb00000)
  from space 4608K, 99% used [0x00000000dcf80000,0x00000000dd3f9f08,0x00000000dd400000)
  to   space 4608K, 0% used [0x00000000dcb00000,0x00000000dcb00000,0x00000000dcf80000)
 ParOldGen       total 76800K, used 1575K [0x0000000090c00000, 0x0000000095700000, 0x00000000daf00000)
  object space 76800K, 2% used [0x0000000090c00000,0x0000000090d89c20,0x0000000095700000)
 Metaspace       used 11116K, capacity 11362K, committed 11520K, reserved 1058816K
  class space    used 1389K, capacity 1439K, committed 1536K, reserved 1048576K
}
Event: 1.935 GC heap before
{Heap before GC invocations=3 (full 0):
 PSYoungGen      total 33280K, used 33255K [0x00000000daf00000, 0x00000000df000000, 0x0000000100000000)
  eden space 28672K, 100% used [0x00000000daf00000,0x00000000dcb00000,0x00000000dcb00000)
  from space 4608K, 99% used [0x00000000dcf80000,0x00000000dd3f9f08,0x00000000dd400000)
  to   space 4608K, 0% used [0x00000000dcb00000,0x00000000dcb00000,0x00000000dcf80000)
 ParOldGen       total 76800K, used 1575K [0x0000000090c00000, 0x0000000095700000, 0x00000000daf00000)
  object space 76800K, 2% used [0x0000000090c00000,0x0000000090d89c20,0x0000000095700000)
 Metaspace       used 12550K, capacity 12780K, committed 12928K, reserved 1060864K
  class space    used 1523K, capacity 1612K, committed 1664K, reserved 1048576K
Event: 1.943 GC heap after
Heap after GC invocations=3 (full 0):
 PSYoungGen      total 33280K, used 4592K [0x00000000daf00000, 0x00000000df000000, 0x0000000100000000)
  eden space 28672K, 0% used [0x00000000daf00000,0x00000000daf00000,0x00000000dcb00000)
  from space 4608K, 99% used [0x00000000dcb00000,0x00000000dcf7c010,0x00000000dcf80000)
  to   space 4608K, 0% used [0x00000000deb80000,0x00000000deb80000,0x00000000df000000)
 ParOldGen       total 76800K, used 2762K [0x0000000090c00000, 0x0000000095700000, 0x00000000daf00000)
  object space 76800K, 3% used [0x0000000090c00000,0x0000000090eb2aa8,0x0000000095700000)
 Metaspace       used 12550K, capacity 12780K, committed 12928K, reserved 1060864K
  class space    used 1523K, capacity 1612K, committed 1664K, reserved 1048576K
}
Event: 2.271 GC heap before
{Heap before GC invocations=4 (full 0):
 PSYoungGen      total 33280K, used 33264K [0x00000000daf00000, 0x00000000df000000, 0x0000000100000000)
  eden space 28672K, 100% used [0x00000000daf00000,0x00000000dcb00000,0x00000000dcb00000)
  from space 4608K, 99% used [0x00000000dcb00000,0x00000000dcf7c010,0x00000000dcf80000)
  to   space 4608K, 0% used [0x00000000deb80000,0x00000000deb80000,0x00000000df000000)
 ParOldGen       total 76800K, used 2762K [0x0000000090c00000, 0x0000000095700000, 0x00000000daf00000)
  object space 76800K, 3% used [0x0000000090c00000,0x0000000090eb2aa8,0x0000000095700000)
 Metaspace       used 12881K, capacity 13136K, committed 13440K, reserved 1060864K
  class space    used 1542K, capacity 1618K, committed 1664K, reserved 1048576K
Event: 2.279 GC heap after
Heap after GC invocations=4 (full 0):
 PSYoungGen      total 61952K, used 4576K [0x00000000daf00000, 0x00000000df000000, 0x0000000100000000)
  eden space 57344K, 0% used [0x00000000daf00000,0x00000000daf00000,0x00000000de700000)
  from space 4608K, 99% used [0x00000000deb80000,0x00000000deff8020,0x00000000df000000)
  to   space 4608K, 0% used [0x00000000de700000,0x00000000de700000,0x00000000deb80000)
 ParOldGen       total 76800K, used 4240K [0x0000000090c00000, 0x0000000095700000, 0x00000000daf00000)
  object space 76800K, 5% used [0x0000000090c00000,0x0000000091024108,0x0000000095700000)
 Metaspace       used 12881K, capacity 13136K, committed 13440K, reserved 1060864K
  class space    used 1542K, capacity 1618K, committed 1664K, reserved 1048576K
}

Deoptimization events (10 events):
Event: 3.039 Thread 0x0000000002e4e800 Uncommon trap: reason=bimorphic action=maybe_recompile pc=0x000000000371a330 method=java.util.AbstractCollection.containsAll(Ljava/util/Collection;)Z @ 1
Event: 3.061 Thread 0x0000000002e4e800 Uncommon trap: reason=bimorphic action=maybe_recompile pc=0x0000000003731228 method=java.util.AbstractSet.equals(Ljava/lang/Object;)Z @ 38
Event: 3.061 Thread 0x0000000002e4e800 Uncommon trap: reason=bimorphic action=maybe_recompile pc=0x000000000371a2b0 method=java.util.AbstractCollection.containsAll(Ljava/util/Collection;)Z @ 25
Event: 3.061 Thread 0x0000000002e4e800 Uncommon trap: reason=bimorphic action=maybe_recompile pc=0x0000000003731214 method=java.util.AbstractSet.equals(Ljava/lang/Object;)Z @ 22
Event: 3.061 Thread 0x0000000002e4e800 Uncommon trap: reason=bimorphic action=maybe_recompile pc=0x000000000371a330 method=java.util.AbstractCollection.containsAll(Ljava/util/Collection;)Z @ 1
Event: 3.138 Thread 0x0000000002e4e800 Uncommon trap: reason=null_check action=make_not_entrant pc=0x000000000378f890 method=org.sonatype.guice.bean.locators.LocatedBeans$Itr.hasNext()Z @ 48
Event: 3.142 Thread 0x0000000002e4e800 Uncommon trap: reason=unstable_if action=reinterpret pc=0x00000000037067b8 method=org.apache.maven.model.ConfigurationContainer.clone()Lorg/apache/maven/model/ConfigurationContainer; @ 37
Event: 3.227 Thread 0x0000000002e4e800 Uncommon trap: reason=unstable_if action=reinterpret pc=0x00000000036d75f0 method=java.io.WinNTFileSystem.normalize(Ljava/lang/String;)Ljava/lang/String; @ 128
Event: 3.227 Thread 0x0000000002e4e800 Uncommon trap: reason=class_check action=maybe_recompile pc=0x0000000003564d54 method=java.util.AbstractList$Itr.hasNext()Z @ 8
Event: 3.227 Thread 0x0000000002e4e800 Uncommon trap: reason=class_check action=maybe_recompile pc=0x0000000003576384 method=java.util.AbstractList$Itr.next()Ljava/lang/Object; @ 14

Classes redefined (0 events):
No events

Internal exceptions (10 events):
Event: 0.752 Thread 0x0000000002e4e800 Exception <a 'java/lang/NoClassDefFoundError': org/slf4j/Logger> (0x00000000db3062e8) thrown at [C:\re\workspace\8-2-build-windows-amd64-cygwin\jdk8u201\12322\hotspot\src\share\vm\classfile\systemDictionary.cpp, line 199]
Event: 0.810 Thread 0x0000000002e4e800 Exception <a 'java/lang/NoClassDefFoundError': org/slf4j/LoggerFactory> (0x00000000db5ca658) thrown at [C:\re\workspace\8-2-build-windows-amd64-cygwin\jdk8u201\12322\hotspot\src\share\vm\classfile\systemDictionary.cpp, line 199]
Event: 0.810 Thread 0x0000000002e4e800 Exception <a 'java/lang/NoClassDefFoundError'> (0x00000000db5ca658) thrown at [C:\re\workspace\8-2-build-windows-amd64-cygwin\jdk8u201\12322\hotspot\src\share\vm\oops\instanceKlass.cpp, line 959]
Event: 1.603 Thread 0x0000000002e4e800 Implicit null exception at 0x00000000032f1a15 to 0x00000000032f1bed
Event: 1.603 Thread 0x0000000002e4e800 Implicit null exception at 0x0000000003267cef to 0x0000000003267d59
Event: 1.690 Thread 0x0000000002e4e800 Implicit null exception at 0x000000000342e870 to 0x000000000342f8e9
Event: 2.095 Thread 0x0000000002e4e800 Implicit null exception at 0x00000000032ba1bb to 0x00000000032ba75d
Event: 2.341 Thread 0x0000000002e4e800 Exception <a 'java/lang/NoClassDefFoundError': org/slf4j/Logger> (0x00000000db2f7ba8) thrown at [C:\re\workspace\8-2-build-windows-amd64-cygwin\jdk8u201\12322\hotspot\src\share\vm\oops\constantPool.cpp, line 245]
Event: 2.464 Thread 0x0000000002e4e800 Exception <a 'java/lang/NoClassDefFoundError': org/slf4j/Logger> (0x00000000dba79b90) thrown at [C:\re\workspace\8-2-build-windows-amd64-cygwin\jdk8u201\12322\hotspot\src\share\vm\oops\constantPool.cpp, line 245]
Event: 3.084 Thread 0x0000000002e4e800 Exception <a 'java/lang/NoClassDefFoundError': org/slf4j/Logger> (0x00000000dcc22238) thrown at [C:\re\workspace\8-2-build-windows-amd64-cygwin\jdk8u201\12322\hotspot\src\share\vm\oops\constantPool.cpp, line 245]

Events (10 events):
Event: 3.230 loading class sun/security/provider/SeedGenerator$1
Event: 3.231 loading class sun/security/provider/SeedGenerator$1 done
Event: 3.232 loading class java/net/NetworkInterface
Event: 3.232 loading class java/net/NetworkInterface done
Event: 3.232 loading class java/net/NetworkInterface$1
Event: 3.232 loading class java/net/NetworkInterface$1 done
Event: 3.232 loading class java/net/InterfaceAddress
Event: 3.233 loading class java/net/InterfaceAddress done
Event: 3.233 loading class java/net/DefaultInterface
Event: 3.233 loading class java/net/DefaultInterface done


Dynamic libraries:
0x00007ff627140000 - 0x00007ff627177000 	C:\Program Files\Java\jdk1.8.0_201\bin\java.exe
0x00007ffb8dfb0000 - 0x00007ffb8e19d000 	C:\Windows\SYSTEM32\ntdll.dll
0x00007ffb8d6c0000 - 0x00007ffb8d773000 	C:\Windows\System32\KERNEL32.DLL
0x00007ffb8af40000 - 0x00007ffb8b1d3000 	C:\Windows\System32\KERNELBASE.dll
0x00007ffb8d460000 - 0x00007ffb8d503000 	C:\Windows\System32\ADVAPI32.dll
0x00007ffb8cec0000 - 0x00007ffb8cf5e000 	C:\Windows\System32\msvcrt.dll
0x00007ffb8cf60000 - 0x00007ffb8cffe000 	C:\Windows\System32\sechost.dll
0x00007ffb8d100000 - 0x00007ffb8d222000 	C:\Windows\System32\RPCRT4.dll
0x00007ffb8d2c0000 - 0x00007ffb8d457000 	C:\Windows\System32\USER32.dll
0x00007ffb8a8d0000 - 0x00007ffb8a8f0000 	C:\Windows\System32\win32u.dll
0x00007ffb8de90000 - 0x00007ffb8deb9000 	C:\Windows\System32\GDI32.dll
0x00007ffb8aad0000 - 0x00007ffb8ac6a000 	C:\Windows\System32\gdi32full.dll
0x00007ffb8acd0000 - 0x00007ffb8ad70000 	C:\Windows\System32\msvcp_win.dll
0x00007ffb8ae40000 - 0x00007ffb8af3a000 	C:\Windows\System32\ucrtbase.dll
0x00007ffb75650000 - 0x00007ffb758c9000 	C:\Windows\WinSxS\amd64_microsoft.windows.common-controls_6595b64144ccf1df_6.0.17763.557_none_05b63f68071e5b9f\COMCTL32.dll
0x00007ffb8b320000 - 0x00007ffb8b64c000 	C:\Windows\System32\combase.dll
0x00007ffb8a0d0000 - 0x00007ffb8a14e000 	C:\Windows\System32\bcryptPrimitives.dll
0x00007ffb8cdc0000 - 0x00007ffb8cdee000 	C:\Windows\System32\IMM32.DLL
0x0000000060eb0000 - 0x0000000060f81000 	C:\Program Files\Java\jdk1.8.0_201\jre\bin\msvcr100.dll
0x0000000060f90000 - 0x0000000061834000 	C:\Program Files\Java\jdk1.8.0_201\jre\bin\server\jvm.dll
0x00007ffb8b310000 - 0x00007ffb8b318000 	C:\Windows\System32\PSAPI.DLL
0x00007ffb87250000 - 0x00007ffb87274000 	C:\Windows\SYSTEM32\WINMM.dll
0x00007ffb82e50000 - 0x00007ffb82e59000 	C:\Windows\SYSTEM32\WSOCK32.dll
0x00007ffb84050000 - 0x00007ffb8405a000 	C:\Windows\SYSTEM32\VERSION.dll
0x00007ffb8d010000 - 0x00007ffb8d07d000 	C:\Windows\System32\WS2_32.dll
0x00007ffb87220000 - 0x00007ffb8724d000 	C:\Windows\SYSTEM32\winmmbase.dll
0x00007ffb8a080000 - 0x00007ffb8a0ca000 	C:\Windows\System32\cfgmgr32.dll
0x00007ffb81df0000 - 0x00007ffb81dff000 	C:\Program Files\Java\jdk1.8.0_201\jre\bin\verify.dll
0x00007ffb81d50000 - 0x00007ffb81d79000 	C:\Program Files\Java\jdk1.8.0_201\jre\bin\java.dll
0x00007ffb81d30000 - 0x00007ffb81d46000 	C:\Program Files\Java\jdk1.8.0_201\jre\bin\zip.dll
0x00007ffb8b700000 - 0x00007ffb8cbf0000 	C:\Windows\System32\SHELL32.dll
0x00007ffb8b650000 - 0x00007ffb8b6f8000 	C:\Windows\System32\shcore.dll
0x00007ffb8a150000 - 0x00007ffb8a89a000 	C:\Windows\System32\windows.storage.dll
0x00007ffb89ff0000 - 0x00007ffb8a014000 	C:\Windows\System32\profapi.dll
0x00007ffb8a020000 - 0x00007ffb8a07d000 	C:\Windows\System32\powrprof.dll
0x00007ffb8de30000 - 0x00007ffb8de82000 	C:\Windows\System32\shlwapi.dll
0x00007ffb89fb0000 - 0x00007ffb89fc1000 	C:\Windows\System32\kernel.appcore.dll
0x00007ffb8ad70000 - 0x00007ffb8ad87000 	C:\Windows\System32\cryptsp.dll
0x00007ffb7f6e0000 - 0x00007ffb7f6fa000 	C:\Program Files\Java\jdk1.8.0_201\jre\bin\net.dll
0x00007ffb7f460000 - 0x00007ffb7f637000 	C:\Windows\SYSTEM32\urlmon.dll
0x00007ffb7c3d0000 - 0x00007ffb7c678000 	C:\Windows\SYSTEM32\iertutil.dll
0x00007ffb899a0000 - 0x00007ffb899ac000 	C:\Windows\SYSTEM32\CRYPTBASE.DLL
0x00007ffb897d0000 - 0x00007ffb89837000 	C:\Windows\system32\mswsock.dll
0x00007ffb7c0c0000 - 0x00007ffb7c0d1000 	C:\Program Files\Java\jdk1.8.0_201\jre\bin\nio.dll
0x00007ffb89390000 - 0x00007ffb893c3000 	C:\Windows\system32\rsaenh.dll
0x00007ffb8a8a0000 - 0x00007ffb8a8c6000 	C:\Windows\System32\bcrypt.dll
0x00007ffb89eb0000 - 0x00007ffb89ed8000 	C:\Windows\SYSTEM32\USERENV.dll
0x00007ffb89530000 - 0x00007ffb8956d000 	C:\Windows\SYSTEM32\IPHLPAPI.DLL
0x00007ffb8d000000 - 0x00007ffb8d008000 	C:\Windows\System32\NSI.dll
0x00007ffb7f860000 - 0x00007ffb7f876000 	C:\Windows\SYSTEM32\dhcpcsvc6.DLL
0x00007ffb7fa80000 - 0x00007ffb7fa9c000 	C:\Windows\SYSTEM32\dhcpcsvc.DLL
0x00007ffb89570000 - 0x00007ffb89636000 	C:\Windows\SYSTEM32\DNSAPI.dll

VM Arguments:
jvm_args: -Dclassworlds.conf=C:\Program Files\NetBeans 8.2\java\maven\bin\m2.conf -Dmaven.home=C:\Program Files\NetBeans 8.2\java\maven 
java_command: org.codehaus.plexus.classworlds.launcher.Launcher -Dnetbeans.deploy=true -Dnetbeans.deploy.clientUrlPart= -Dmaven.ext.class.path=C:\Program Files\NetBeans 8.2\java\maven-nblib\netbeans-eventspy.jar -Dfile.encoding=UTF-8 package
java_class_path (initial): C:\Program Files\NetBeans 8.2\java\maven\boot\plexus-classworlds-2.4.jar
Launcher Type: SUN_STANDARD

Environment Variables:
JAVA_HOME=C:\Program Files\Java\jdk1.8.0_201
PATH=C:\Program Files (x86)\Common Files\Oracle\Java\javapath;C:\Windows\system32;C:\Windows;C:\Windows\System32\Wbem;C:\Windows\System32\WindowsPowerShell\v1.0\;C:\Windows\System32\OpenSSH\;C:\Program Files\NVIDIA Corporation\NVIDIA NvDLISR;C:\Program Files (x86)\NVIDIA Corporation\PhysX\Common;C:\Users\USER\AppData\Local\Microsoft\WindowsApps;
USERNAME=USER
OS=Windows_NT
PROCESSOR_IDENTIFIER=AMD64 Family 23 Model 17 Stepping 0, AuthenticAMD



---------------  S Y S T E M  ---------------

OS: Windows 10.0 , 64 bit Build 17763 (10.0.17763.475)

CPU:total 8 (initial active 8) (8 cores per cpu, 1 threads per core) family 23 model 17 stepping 0, cmov, cx8, fxsr, mmx, sse, sse2, sse3, ssse3, sse4.1, sse4.2, popcnt, avx, avx2, aes, clmul, mmxext, 3dnowpref, lzcnt, sse4a, tsc, tscinvbit, tscinv, bmi1

Memory: 4k page, physical 7283176k(1346568k free), swap 11477480k(5364k free)

vm_info: Java HotSpot(TM) 64-Bit Server VM (25.201-b09) for windows-amd64 JRE (1.8.0_201-b09), built on Dec 15 2018 18:36:39 by "java_re" with MS VC++ 10.0 (VS2010)

time: Fri Jun 14 01:24:39 2019
timezone: SE Asia Standard Time
elapsed time: 3 seconds (0d 0h 0m 3s)

