#
# There is insufficient memory for the Java Runtime Environment to continue.
# Native memory allocation (malloc) failed to allocate 159312 bytes for Chunk::new
# Possible reasons:
#   The system is out of physical RAM or swap space
#   The process is running with CompressedOops enabled, and the Java Heap may be blocking the growth of the native heap
# Possible solutions:
#   Reduce memory load on the system
#   Increase physical memory or swap space
#   Check if swap backing store is full
#   Decrease Java heap size (-Xmx/-Xms)
#   Decrease number of Java threads
#   Decrease Java thread stack sizes (-Xss)
#   Set larger code cache with -XX:ReservedCodeCacheSize=
#   JVM is running with Unscaled Compressed Oops mode in which the Java heap is
#     placed in the first 4GB address space. The Java Heap base address is the
#     maximum limit for the native heap growth. Please use -XX:HeapBaseMinAddress
#     to set the Java Heap base and to place the Java Heap above 4GB virtual address.
# This output file may be truncated or incomplete.
#
#  Out of Memory Error (allocation.cpp:390), pid=9328, tid=0x0000000000000308
#
# JRE version: Java(TM) SE Runtime Environment (8.0_201-b09) (build 1.8.0_201-b09)
# Java VM: Java HotSpot(TM) 64-Bit Server VM (25.201-b09 mixed mode windows-amd64 compressed oops)
# Failed to write core dump. Minidumps are not enabled by default on client versions of Windows
#

---------------  T H R E A D  ---------------

Current thread (0x00000000193f6800):  JavaThread "C2 CompilerThread0" daemon [_thread_in_native, id=776, stack(0x0000000019cc0000,0x0000000019dc0000)]

Stack: [0x0000000019cc0000,0x0000000019dc0000]
[error occurred during error reporting (printing stack bounds), id 0xc0000005]

Native frames: (J=compiled Java code, j=interpreted, Vv=VM code, C=native code)


Current CompileTask:
C2:   1760 1901       4       org.sonatype.aether.util.graph.transformer.NearestVersionConflictResolver::selectVersion (349 bytes)


---------------  P R O C E S S  ---------------

Java Threads: ( => current thread )
  0x000000001948a800 JavaThread "Service Thread" daemon [_thread_blocked, id=7576, stack(0x000000001a0c0000,0x000000001a1c0000)]
  0x000000001940a000 JavaThread "C1 CompilerThread3" daemon [_thread_blocked, id=4532, stack(0x0000000019fc0000,0x000000001a0c0000)]
  0x0000000019403000 JavaThread "C2 CompilerThread2" daemon [_thread_in_native, id=6364, stack(0x0000000019ec0000,0x0000000019fc0000)]
  0x00000000193fe800 JavaThread "C2 CompilerThread1" daemon [_thread_blocked, id=2524, stack(0x0000000019dc0000,0x0000000019ec0000)]
=>0x00000000193f6800 JavaThread "C2 CompilerThread0" daemon [_thread_in_native, id=776, stack(0x0000000019cc0000,0x0000000019dc0000)]
  0x00000000193f0000 JavaThread "Attach Listener" daemon [_thread_blocked, id=3900, stack(0x0000000019bc0000,0x0000000019cc0000)]
  0x00000000193ef000 JavaThread "Signal Dispatcher" daemon [_thread_blocked, id=8324, stack(0x0000000019ac0000,0x0000000019bc0000)]
  0x00000000193e1000 JavaThread "Finalizer" daemon [_thread_blocked, id=4668, stack(0x00000000198c0000,0x00000000199c0000)]
  0x00000000193e0800 JavaThread "Reference Handler" daemon [_thread_blocked, id=3816, stack(0x00000000197c0000,0x00000000198c0000)]
  0x0000000002c9e000 JavaThread "main" [_thread_in_Java, id=8452, stack(0x0000000002d40000,0x0000000002e40000)]

Other Threads:
  0x00000000175e9800 VMThread [stack: 0x00000000192c0000,0x00000000193c0000] [id=10472]
  0x00000000194b4800 WatcherThread [stack: 0x000000001a1c0000,0x000000001a2c0000] [id=984]

VM state:not at safepoint (normal execution)

VM Mutex/Monitor currently owned by a thread: None

heap address: 0x0000000090c00000, size: 1780 MB, Compressed Oops mode: 32-bit
Narrow klass base: 0x0000000000000000, Narrow klass shift: 3
Compressed class space size: 1073741824 Address: 0x0000000100000000

Heap:
 PSYoungGen      total 33280K, used 19038K [0x00000000daf00000, 0x00000000dd400000, 0x0000000100000000)
  eden space 28672K, 50% used [0x00000000daf00000,0x00000000dbd1fb48,0x00000000dcb00000)
  from space 4608K, 99% used [0x00000000dcb00000,0x00000000dcf78020,0x00000000dcf80000)
  to   space 4608K, 0% used [0x00000000dcf80000,0x00000000dcf80000,0x00000000dd400000)
 ParOldGen       total 76800K, used 2821K [0x0000000090c00000, 0x0000000095700000, 0x00000000daf00000)
  object space 76800K, 3% used [0x0000000090c00000,0x0000000090ec1750,0x0000000095700000)
 Metaspace       used 12757K, capacity 13008K, committed 13184K, reserved 1060864K
  class space    used 1541K, capacity 1618K, committed 1664K, reserved 1048576K

Card table byte_map: [0x0000000012300000,0x0000000012680000] byte_map_base: 0x0000000011e7a000

Marking Bits: (ParMarkBitMap*) 0x0000000051014ce0
 Begin Bits: [0x00000000130e0000, 0x0000000014cb0000)
 End Bits:   [0x0000000014cb0000, 0x0000000016880000)

Polling page: 0x0000000002c30000

CodeCache: size=245760Kb used=6814Kb max_used=6814Kb free=238945Kb
 bounds [0x0000000002f40000, 0x0000000003600000, 0x0000000011f40000]
 total_blobs=2230 nmethods=1906 adapters=236
 compilation: disabled (not enough contiguous free space left)

Compilation events (10 events):
Event: 1.738 Thread 0x000000001940a000 1905       3       java.util.Properties::load0 (250 bytes)
Event: 1.739 Thread 0x000000001940a000 nmethod 1905 0x00000000035ea650 code [0x00000000035ea840, 0x00000000035eb238]
Event: 1.739 Thread 0x000000001940a000 1906       3       org.sonatype.aether.impl.internal.CacheUtils::repositoryHashCode (18 bytes)
Event: 1.739 Thread 0x000000001940a000 nmethod 1906 0x00000000035ea150 code [0x00000000035ea2c0, 0x00000000035ea528]
Event: 1.742 Thread 0x000000001940a000 1907       3       java.io.File::getName (42 bytes)
Event: 1.742 Thread 0x000000001940a000 nmethod 1907 0x00000000035e7010 code [0x00000000035e71a0, 0x00000000035e7668]
Event: 1.743 Thread 0x000000001940a000 1908   !   3       org.apache.maven.eventspy.internal.EventSpyDispatcher::onEvent (81 bytes)
Event: 1.743 Thread 0x000000001940a000 nmethod 1908 0x00000000035ecc10 code [0x00000000035ece00, 0x00000000035ed628]
Event: 1.743 Thread 0x000000001940a000 1909       3       org.netbeans.modules.maven.event.NbEventSpy::onEvent (1102 bytes)
Event: 1.757 Thread 0x000000001940a000 


GC Heap History (6 events):
Event: 0.552 GC heap before
{Heap before GC invocations=1 (full 0):
 PSYoungGen      total 33280K, used 28672K [0x00000000daf00000, 0x00000000dd400000, 0x0000000100000000)
  eden space 28672K, 100% used [0x00000000daf00000,0x00000000dcb00000,0x00000000dcb00000)
  from space 4608K, 0% used [0x00000000dcf80000,0x00000000dcf80000,0x00000000dd400000)
  to   space 4608K, 0% used [0x00000000dcb00000,0x00000000dcb00000,0x00000000dcf80000)
 ParOldGen       total 76800K, used 0K [0x0000000090c00000, 0x0000000095700000, 0x00000000daf00000)
  object space 76800K, 0% used [0x0000000090c00000,0x0000000090c00000,0x0000000095700000)
 Metaspace       used 7373K, capacity 7490K, committed 7680K, reserved 1056768K
  class space    used 924K, capacity 985K, committed 1024K, reserved 1048576K
Event: 0.557 GC heap after
Heap after GC invocations=1 (full 0):
 PSYoungGen      total 33280K, used 4203K [0x00000000daf00000, 0x00000000dd400000, 0x0000000100000000)
  eden space 28672K, 0% used [0x00000000daf00000,0x00000000daf00000,0x00000000dcb00000)
  from space 4608K, 91% used [0x00000000dcb00000,0x00000000dcf1af70,0x00000000dcf80000)
  to   space 4608K, 0% used [0x00000000dcf80000,0x00000000dcf80000,0x00000000dd400000)
 ParOldGen       total 76800K, used 16K [0x0000000090c00000, 0x0000000095700000, 0x00000000daf00000)
  object space 76800K, 0% used [0x0000000090c00000,0x0000000090c04000,0x0000000095700000)
 Metaspace       used 7373K, capacity 7490K, committed 7680K, reserved 1056768K
  class space    used 924K, capacity 985K, committed 1024K, reserved 1048576K
}
Event: 1.149 GC heap before
{Heap before GC invocations=2 (full 0):
 PSYoungGen      total 33280K, used 32875K [0x00000000daf00000, 0x00000000dd400000, 0x0000000100000000)
  eden space 28672K, 100% used [0x00000000daf00000,0x00000000dcb00000,0x00000000dcb00000)
  from space 4608K, 91% used [0x00000000dcb00000,0x00000000dcf1af70,0x00000000dcf80000)
  to   space 4608K, 0% used [0x00000000dcf80000,0x00000000dcf80000,0x00000000dd400000)
 ParOldGen       total 76800K, used 16K [0x0000000090c00000, 0x0000000095700000, 0x00000000daf00000)
  object space 76800K, 0% used [0x0000000090c00000,0x0000000090c04000,0x0000000095700000)
 Metaspace       used 11474K, capacity 11720K, committed 12032K, reserved 1060864K
  class space    used 1421K, capacity 1473K, committed 1536K, reserved 1048576K
Event: 1.156 GC heap after
Heap after GC invocations=2 (full 0):
 PSYoungGen      total 33280K, used 4584K [0x00000000daf00000, 0x00000000dd400000, 0x0000000100000000)
  eden space 28672K, 0% used [0x00000000daf00000,0x00000000daf00000,0x00000000dcb00000)
  from space 4608K, 99% used [0x00000000dcf80000,0x00000000dd3fa1a8,0x00000000dd400000)
  to   space 4608K, 0% used [0x00000000dcb00000,0x00000000dcb00000,0x00000000dcf80000)
 ParOldGen       total 76800K, used 1750K [0x0000000090c00000, 0x0000000095700000, 0x00000000daf00000)
  object space 76800K, 2% used [0x0000000090c00000,0x0000000090db59d8,0x0000000095700000)
 Metaspace       used 11474K, capacity 11720K, committed 12032K, reserved 1060864K
  class space    used 1421K, capacity 1473K, committed 1536K, reserved 1048576K
}
Event: 1.597 GC heap before
{Heap before GC invocations=3 (full 0):
 PSYoungGen      total 33280K, used 33256K [0x00000000daf00000, 0x00000000dd400000, 0x0000000100000000)
  eden space 28672K, 100% used [0x00000000daf00000,0x00000000dcb00000,0x00000000dcb00000)
  from space 4608K, 99% used [0x00000000dcf80000,0x00000000dd3fa1a8,0x00000000dd400000)
  to   space 4608K, 0% used [0x00000000dcb00000,0x00000000dcb00000,0x00000000dcf80000)
 ParOldGen       total 76800K, used 1750K [0x0000000090c00000, 0x0000000095700000, 0x00000000daf00000)
  object space 76800K, 2% used [0x0000000090c00000,0x0000000090db59d8,0x0000000095700000)
 Metaspace       used 12531K, capacity 12780K, committed 12928K, reserved 1060864K
  class space    used 1522K, capacity 1612K, committed 1664K, reserved 1048576K
Event: 1.604 GC heap after
Heap after GC invocations=3 (full 0):
 PSYoungGen      total 33280K, used 4576K [0x00000000daf00000, 0x00000000dd400000, 0x0000000100000000)
  eden space 28672K, 0% used [0x00000000daf00000,0x00000000daf00000,0x00000000dcb00000)
  from space 4608K, 99% used [0x00000000dcb00000,0x00000000dcf78020,0x00000000dcf80000)
  to   space 4608K, 0% used [0x00000000dcf80000,0x00000000dcf80000,0x00000000dd400000)
 ParOldGen       total 76800K, used 2821K [0x0000000090c00000, 0x0000000095700000, 0x00000000daf00000)
  object space 76800K, 3% used [0x0000000090c00000,0x0000000090ec1750,0x0000000095700000)
 Metaspace       used 12531K, capacity 12780K, committed 12928K, reserved 1060864K
  class space    used 1522K, capacity 1612K, committed 1664K, reserved 1048576K
}

Deoptimization events (10 events):
Event: 1.496 Thread 0x0000000002c9e000 Uncommon trap: reason=speculate_class_check action=maybe_recompile pc=0x00000000034d3fc8 method=java.nio.charset.CharsetDecoder.decode(Ljava/nio/ByteBuffer;Ljava/nio/CharBuffer;Z)Ljava/nio/charset/CoderResult; @ 57
Event: 1.497 Thread 0x0000000002c9e000 Uncommon trap: reason=speculate_class_check action=maybe_recompile pc=0x00000000034d3fc8 method=java.nio.charset.CharsetDecoder.decode(Ljava/nio/ByteBuffer;Ljava/nio/CharBuffer;Z)Ljava/nio/charset/CoderResult; @ 57
Event: 1.497 Thread 0x0000000002c9e000 Uncommon trap: reason=speculate_class_check action=maybe_recompile pc=0x00000000033f8fd0 method=java.nio.charset.CharsetDecoder.decode(Ljava/nio/ByteBuffer;Ljava/nio/CharBuffer;Z)Ljava/nio/charset/CoderResult; @ 57
Event: 1.498 Thread 0x0000000002c9e000 Uncommon trap: reason=speculate_class_check action=maybe_recompile pc=0x00000000033f8fd0 method=java.nio.charset.CharsetDecoder.decode(Ljava/nio/ByteBuffer;Ljava/nio/CharBuffer;Z)Ljava/nio/charset/CoderResult; @ 57
Event: 1.503 Thread 0x0000000002c9e000 Uncommon trap: reason=unstable_if action=reinterpret pc=0x00000000034ed854 method=org.codehaus.plexus.util.xml.pull.MXParser.nextImpl()I @ 310
Event: 1.568 Thread 0x0000000002c9e000 Uncommon trap: reason=bimorphic action=maybe_recompile pc=0x0000000003270cd8 method=java.util.HashMap.putVal(ILjava/lang/Object;Ljava/lang/Object;ZZ)Ljava/lang/Object; @ 203
Event: 1.620 Thread 0x0000000002c9e000 Uncommon trap: reason=unstable_if action=reinterpret pc=0x0000000003417bb8 method=java.lang.String.trim()Ljava/lang/String; @ 63
Event: 1.627 Thread 0x0000000002c9e000 Uncommon trap: reason=speculate_class_check action=maybe_recompile pc=0x000000000357067c method=java.nio.charset.CharsetDecoder.decode(Ljava/nio/ByteBuffer;Ljava/nio/CharBuffer;Z)Ljava/nio/charset/CoderResult; @ 57
Event: 1.629 Thread 0x0000000002c9e000 Uncommon trap: reason=speculate_class_check action=maybe_recompile pc=0x000000000357067c method=java.nio.charset.CharsetDecoder.decode(Ljava/nio/ByteBuffer;Ljava/nio/CharBuffer;Z)Ljava/nio/charset/CoderResult; @ 57
Event: 1.725 Thread 0x0000000002c9e000 Uncommon trap: reason=unstable_if action=reinterpret pc=0x00000000032b6e8c method=java.util.HashMap.hash(Ljava/lang/Object;)I @ 1

Classes redefined (0 events):
No events

Internal exceptions (10 events):
Event: 0.360 Thread 0x0000000002c9e000 Exception <a 'java/lang/ArrayIndexOutOfBoundsException'> (0x00000000dbb98110) thrown at [C:\re\workspace\8-2-build-windows-amd64-cygwin\jdk8u201\12322\hotspot\src\share\vm\runtime\sharedRuntime.cpp, line 605]
Event: 0.502 Thread 0x0000000002c9e000 Exception <a 'java/lang/ArrayIndexOutOfBoundsException'> (0x00000000dc815198) thrown at [C:\re\workspace\8-2-build-windows-amd64-cygwin\jdk8u201\12322\hotspot\src\share\vm\runtime\sharedRuntime.cpp, line 605]
Event: 0.502 Thread 0x0000000002c9e000 Exception <a 'java/lang/ArrayIndexOutOfBoundsException'> (0x00000000dc816e40) thrown at [C:\re\workspace\8-2-build-windows-amd64-cygwin\jdk8u201\12322\hotspot\src\share\vm\runtime\sharedRuntime.cpp, line 605]
Event: 0.586 Thread 0x0000000002c9e000 Exception <a 'java/lang/NoClassDefFoundError': org/slf4j/Logger> (0x00000000db154800) thrown at [C:\re\workspace\8-2-build-windows-amd64-cygwin\jdk8u201\12322\hotspot\src\share\vm\classfile\systemDictionary.cpp, line 199]
Event: 0.635 Thread 0x0000000002c9e000 Exception <a 'java/lang/NoClassDefFoundError': org/slf4j/LoggerFactory> (0x00000000db418340) thrown at [C:\re\workspace\8-2-build-windows-amd64-cygwin\jdk8u201\12322\hotspot\src\share\vm\classfile\systemDictionary.cpp, line 199]
Event: 0.635 Thread 0x0000000002c9e000 Exception <a 'java/lang/NoClassDefFoundError'> (0x00000000db418340) thrown at [C:\re\workspace\8-2-build-windows-amd64-cygwin\jdk8u201\12322\hotspot\src\share\vm\oops\instanceKlass.cpp, line 959]
Event: 1.306 Thread 0x0000000002c9e000 Implicit null exception at 0x00000000032debd5 to 0x00000000032dedad
Event: 1.306 Thread 0x0000000002c9e000 Implicit null exception at 0x000000000325282f to 0x0000000003252899
Event: 1.347 Thread 0x0000000002c9e000 Implicit null exception at 0x00000000033fa470 to 0x00000000033fb4c5
Event: 1.725 Thread 0x0000000002c9e000 Implicit null exception at 0x00000000032b68bb to 0x00000000032b6e79

Events (10 events):
Event: 1.751 loading class org/apache/maven/plugin/DefaultPluginRealmCache$CacheKey
Event: 1.751 loading class org/apache/maven/plugin/DefaultPluginRealmCache$CacheKey done
Event: 1.752 loading class org/sonatype/aether/util/filter/ExclusionsDependencyFilter
Event: 1.752 loading class org/sonatype/aether/util/filter/ExclusionsDependencyFilter done
Event: 1.752 loading class org/apache/maven/ArtifactFilterManagerDelegate
Event: 1.752 loading class org/apache/maven/ArtifactFilterManagerDelegate done
Event: 1.752 loading class org/apache/maven/plugin/internal/WagonExcluder
Event: 1.752 loading class org/apache/maven/plugin/internal/WagonExcluder done
Event: 1.753 loading class org/apache/maven/plugin/internal/PlexusUtilsInjector
Event: 1.753 loading class org/apache/maven/plugin/internal/PlexusUtilsInjector done


Dynamic libraries:
0x00007ff6a3bb0000 - 0x00007ff6a3be7000 	C:\Program Files\Java\jdk1.8.0_201\bin\java.exe
0x00007ff86adf0000 - 0x00007ff86afdd000 	C:\Windows\SYSTEM32\ntdll.dll
0x00007ff86a8a0000 - 0x00007ff86a953000 	C:\Windows\System32\KERNEL32.DLL
0x00007ff867810000 - 0x00007ff867aa3000 	C:\Windows\System32\KERNELBASE.dll
0x00007ff86a960000 - 0x00007ff86aa03000 	C:\Windows\System32\ADVAPI32.dll
0x00007ff868b20000 - 0x00007ff868bbe000 	C:\Windows\System32\msvcrt.dll
0x00007ff868bc0000 - 0x00007ff868c5e000 	C:\Windows\System32\sechost.dll
0x00007ff869280000 - 0x00007ff8693a2000 	C:\Windows\System32\RPCRT4.dll
0x00007ff868960000 - 0x00007ff868af7000 	C:\Windows\System32\USER32.dll
0x00007ff867f60000 - 0x00007ff867f80000 	C:\Windows\System32\win32u.dll
0x00007ff86ace0000 - 0x00007ff86ad09000 	C:\Windows\System32\GDI32.dll
0x00007ff867670000 - 0x00007ff86780a000 	C:\Windows\System32\gdi32full.dll
0x00007ff867f80000 - 0x00007ff868020000 	C:\Windows\System32\msvcp_win.dll
0x00007ff867bb0000 - 0x00007ff867caa000 	C:\Windows\System32\ucrtbase.dll
0x00007ff85bf90000 - 0x00007ff85c209000 	C:\Windows\WinSxS\amd64_microsoft.windows.common-controls_6595b64144ccf1df_6.0.17763.503_none_05b23ef40721f4ae\COMCTL32.dll
0x00007ff8684d0000 - 0x00007ff8687fc000 	C:\Windows\System32\combase.dll
0x00007ff867ee0000 - 0x00007ff867f5e000 	C:\Windows\System32\bcryptPrimitives.dll
0x00007ff868020000 - 0x00007ff86804e000 	C:\Windows\System32\IMM32.DLL
0x0000000051380000 - 0x0000000051451000 	C:\Program Files\Java\jdk1.8.0_201\jre\bin\msvcr100.dll
0x00000000507f0000 - 0x0000000051094000 	C:\Program Files\Java\jdk1.8.0_201\jre\bin\server\jvm.dll
0x00007ff868950000 - 0x00007ff868958000 	C:\Windows\System32\PSAPI.DLL
0x00007ff863400000 - 0x00007ff86340a000 	C:\Windows\SYSTEM32\VERSION.dll
0x00007ff84b190000 - 0x00007ff84b199000 	C:\Windows\SYSTEM32\WSOCK32.dll
0x00007ff85f890000 - 0x00007ff85f8b4000 	C:\Windows\SYSTEM32\WINMM.dll
0x00007ff868cd0000 - 0x00007ff868d3d000 	C:\Windows\System32\WS2_32.dll
0x00007ff85f400000 - 0x00007ff85f42d000 	C:\Windows\SYSTEM32\winmmbase.dll
0x00007ff867b60000 - 0x00007ff867baa000 	C:\Windows\System32\cfgmgr32.dll
0x00007ff864270000 - 0x00007ff86427f000 	C:\Program Files\Java\jdk1.8.0_201\jre\bin\verify.dll
0x00007ff861d30000 - 0x00007ff861d59000 	C:\Program Files\Java\jdk1.8.0_201\jre\bin\java.dll
0x00007ff864250000 - 0x00007ff864266000 	C:\Program Files\Java\jdk1.8.0_201\jre\bin\zip.dll
0x00007ff8693b0000 - 0x00007ff86a8a0000 	C:\Windows\System32\SHELL32.dll
0x00007ff86ad10000 - 0x00007ff86adb8000 	C:\Windows\System32\shcore.dll
0x00007ff866ec0000 - 0x00007ff86760a000 	C:\Windows\System32\windows.storage.dll
0x00007ff866e50000 - 0x00007ff866e74000 	C:\Windows\System32\profapi.dll
0x00007ff866df0000 - 0x00007ff866e4d000 	C:\Windows\System32\powrprof.dll
0x00007ff869070000 - 0x00007ff8690c2000 	C:\Windows\System32\shlwapi.dll
0x00007ff866ea0000 - 0x00007ff866eb1000 	C:\Windows\System32\kernel.appcore.dll
0x00007ff867ce0000 - 0x00007ff867cf7000 	C:\Windows\System32\cryptsp.dll
0x00007ff860af0000 - 0x00007ff860b0a000 	C:\Program Files\Java\jdk1.8.0_201\jre\bin\net.dll
0x00007ff857f90000 - 0x00007ff858166000 	C:\Windows\SYSTEM32\urlmon.dll
0x00007ff858590000 - 0x00007ff858838000 	C:\Windows\SYSTEM32\iertutil.dll
0x00007ff866840000 - 0x00007ff86684c000 	C:\Windows\SYSTEM32\CRYPTBASE.DLL
0x00007ff866670000 - 0x00007ff8666d7000 	C:\Windows\system32\mswsock.dll
0x00007ff85fe80000 - 0x00007ff85fe91000 	C:\Program Files\Java\jdk1.8.0_201\jre\bin\nio.dll

VM Arguments:
jvm_args: -Dclassworlds.conf=C:\Program Files\NetBeans 8.2\java\maven\bin\m2.conf -Dmaven.home=C:\Program Files\NetBeans 8.2\java\maven 
java_command: org.codehaus.plexus.classworlds.launcher.Launcher -Dmaven.ext.class.path=C:\Program Files\NetBeans 8.2\java\maven-nblib\netbeans-eventspy.jar -Dfile.encoding=UTF-8 clean install
java_class_path (initial): C:\Program Files\NetBeans 8.2\java\maven\boot\plexus-classworlds-2.4.jar
Launcher Type: SUN_STANDARD

Environment Variables:
JAVA_HOME=C:\Program Files\Java\jdk1.8.0_201
PATH=C:\Program Files (x86)\Common Files\Oracle\Java\javapath;C:\Windows\system32;C:\Windows;C:\Windows\System32\Wbem;C:\Windows\System32\WindowsPowerShell\v1.0\;C:\Windows\System32\OpenSSH\;C:\Program Files\NVIDIA Corporation\NVIDIA NvDLISR;C:\Program Files (x86)\NVIDIA Corporation\PhysX\Common;C:\Users\USER\AppData\Local\Microsoft\WindowsApps;
USERNAME=USER
OS=Windows_NT
PROCESSOR_IDENTIFIER=AMD64 Family 23 Model 17 Stepping 0, AuthenticAMD



---------------  S Y S T E M  ---------------

OS: Windows 10.0 , 64 bit Build 17763 (10.0.17763.475)

CPU:total 8 (initial active 8) (8 cores per cpu, 1 threads per core) family 23 model 17 stepping 0, cmov, cx8, fxsr, mmx, sse, sse2, sse3, ssse3, sse4.1, sse4.2, popcnt, avx, avx2, aes, clmul, mmxext, 3dnowpref, lzcnt, sse4a, tsc, tscinvbit, tscinv, bmi1

Memory: 4k page, physical 7283176k(1270840k free), swap 11477480k(5124k free)

vm_info: Java HotSpot(TM) 64-Bit Server VM (25.201-b09) for windows-amd64 JRE (1.8.0_201-b09), built on Dec 15 2018 18:36:39 by "java_re" with MS VC++ 10.0 (VS2010)

time: Wed Jun 12 23:40:17 2019
timezone: SE Asia Standard Time
elapsed time: 1 seconds (0d 0h 0m 1s)

